[INFO] Scanning for projects...
[INFO] ------------------------------------------------------------------------
[INFO] Reactor Build Order:
[INFO] 
[INFO] leapmotion-tester
[INFO] leap
[INFO] leapmotion-sampler
[INFO]                                                                         
[INFO] ------------------------------------------------------------------------
[INFO] Building leapmotion-tester 0.0.1-SNAPSHOT
[INFO] ------------------------------------------------------------------------
[INFO]                                                                         
[INFO] ------------------------------------------------------------------------
[INFO] Building leap 0.0.1-SNAPSHOT
[INFO] ------------------------------------------------------------------------
[INFO] 
[INFO] --- maven-resources-plugin:2.3:resources (default-resources) @ leap ---
[INFO] Using 'UTF-8' encoding to copy filtered resources.
[INFO] skip non existing resourceDirectory /mnt/c/work/NuiMimic/leap/src/main/resources
[INFO] 
[INFO] --- maven-compiler-plugin:3.5.1:compile (default-compile) @ leap ---
[INFO] Nothing to compile - all classes are up to date
[INFO] 
[INFO] --- maven-resources-plugin:2.3:testResources (default-testResources) @ leap ---
[INFO] Using 'UTF-8' encoding to copy filtered resources.
[INFO] skip non existing resourceDirectory /mnt/c/work/NuiMimic/leap/src/test/resources
[INFO] 
[INFO] --- maven-compiler-plugin:3.5.1:testCompile (default-testCompile) @ leap ---
[INFO] Nothing to compile - all classes are up to date
[INFO] 
[INFO] --- maven-surefire-plugin:2.10:test (default-test) @ leap ---
[INFO] Surefire report directory: /mnt/c/work/NuiMimic/leap/target/surefire-reports

-------------------------------------------------------
 T E S T S
-------------------------------------------------------
Running com.sheffield.leapmotion.mocks.TestMockGraphicsDevice
Tests run: 5, Failures: 0, Errors: 5, Skipped: 0, Time elapsed: 0.195 sec <<< FAILURE!
Running com.sheffield.leapmotion.mocks.TestMockJOptionsPane
Tests run: 1, Failures: 0, Errors: 0, Skipped: 0, Time elapsed: 0.001 sec
Running com.sheffield.leapmotion.mocks.TestMockRandom
Tests run: 2, Failures: 0, Errors: 0, Skipped: 0, Time elapsed: 0.001 sec
Running com.sheffield.leapmotion.output.TestStateComparator
Tests run: 5, Failures: 0, Errors: 0, Skipped: 0, Time elapsed: 0.001 sec
Running com.sheffield.leapmotion.TestBarDrawer
Tests run: 1, Failures: 0, Errors: 0, Skipped: 0, Time elapsed: 0 sec
Running com.sheffield.leapmotion.TestBezierHelper
Native code library failed to load. 
java.lang.UnsatisfiedLinkError: no LeapJava in java.library.path

Results :

Tests in error: 
  testDefaultDisplayBitDepth(com.sheffield.leapmotion.mocks.TestMockGraphicsDevice): 
  testFullscreen(com.sheffield.leapmotion.mocks.TestMockGraphicsDevice): 
  testDefaultDisplayResolution(com.sheffield.leapmotion.mocks.TestMockGraphicsDevice): 
  testDefaultDisplayGetDisplays(com.sheffield.leapmotion.mocks.TestMockGraphicsDevice): 
  testDefaultDisplayRefreshRate(com.sheffield.leapmotion.mocks.TestMockGraphicsDevice): 

Tests run: 14, Failures: 0, Errors: 5, Skipped: 0

[INFO] ------------------------------------------------------------------------
[INFO] Reactor Summary:
[INFO] 
[INFO] leapmotion-tester ................................. SUCCESS [0.002s]
[INFO] leap .............................................. FAILURE [3.059s]
[INFO] leapmotion-sampler ................................ SKIPPED
[INFO] ------------------------------------------------------------------------
[INFO] BUILD FAILURE
[INFO] ------------------------------------------------------------------------
[INFO] Total time: 3.224s
[INFO] Finished at: Thu Nov 24 18:12:11 GMT 2016
[INFO] Final Memory: 11M/232M
[INFO] ------------------------------------------------------------------------
[ERROR] Failed to execute goal org.apache.maven.plugins:maven-surefire-plugin:2.10:test (default-test) on project leap: There are test failures.
[ERROR] 
[ERROR] Please refer to /mnt/c/work/NuiMimic/leap/target/surefire-reports for the individual test results.
[ERROR] -> [Help 1]
[ERROR] 
[ERROR] To see the full stack trace of the errors, re-run Maven with the -e switch.
[ERROR] Re-run Maven using the -X switch to enable full debug logging.
[ERROR] 
[ERROR] For more information about the errors and possible solutions, please read the following articles:
[ERROR] [Help 1] http://cwiki.apache.org/confluence/display/MAVEN/MojoFailureException
[ERROR] 
[ERROR] After correcting the problems, you can resume the build with the command
[ERROR]   mvn <goals> -rf :leap
